Arguments: 
  C:\Program Files\nodejs\node.exe C:\Users\오경환\AppData\Roaming\npm\node_modules\yarn\bin\yarn.js add express morgan winston winston-daily-rotate-file

PATH: 
  C:\Windows\system32;C:\Windows;C:\Windows\System32\Wbem;C:\Windows\System32\WindowsPowerShell\v1.0\;C:\Windows\System32\OpenSSH\;C:\Program Files\dotnet\;C:\Program Files\Microsoft VS Code\bin;C:\Program Files\Git\cmd;C:\apache-maven-3.6.3\bin;;C:\Program Files (x86)\NetSarang\Xshell 6\;C:\Program Files\nodejs\;C:\Program Files\Docker\Docker\resources\bin;C:\ProgramData\DockerDesktop\version-bin;C:\Users\오경환\AppData\Local\Microsoft\WindowsApps;C:\Program Files\Bandizip\;C:\interpark\JDK\zulu11.43.55-ca-jdk11.0.9.1-win_x64\zulu11.43.55-ca-jdk11.0.9.1-win_x64\bin;C:\Python\Python39\Scripts;C:\apache-maven-3.6.3bin;C:\Users\오경환\AppData\Roaming\npm;C:\Users\오경환\AppData\Local\Programs\Fiddler

Yarn version: 
  1.22.10

Node version: 
  13.11.0

Platform: 
  win32 x64

Trace: 
  Error: unable to verify the first certificate
      at TLSSocket.onConnectSecure (_tls_wrap.js:1492:34)
      at TLSSocket.emit (events.js:315:20)
      at TLSSocket._finishInit (_tls_wrap.js:935:8)
      at TLSWrap.ssl.onhandshakedone (_tls_wrap.js:693:12)

npm manifest: 
  {
    "type": "module",
    "name": "src",
    "version": "1.0.0",
    "main": "main.js",
    "license": "MIT",
    "scripts": {
      "start": "node main.js"
    },
    "dependencies": {
      "express": "^4.17.1",
      "morgan": "^1.10.0",
      "winston": "^3.3.3",
      "winston-daily-rotate-file": "^4.5.0"
    }
  }

yarn manifest: 
  No manifest

Lockfile: 
  No lockfile
